mode: set
go-vulnerability-scan/main.go:14.13,23.2 5 0
go-vulnerability-scan/db/setupDB.go:8.45,11.16 2 1
go-vulnerability-scan/db/setupDB.go:11.16,13.3 1 0
go-vulnerability-scan/db/setupDB.go:14.2,14.34 1 1
go-vulnerability-scan/db/setupDB.go:14.34,17.3 2 0
go-vulnerability-scan/db/setupDB.go:18.2,18.16 1 1
go-vulnerability-scan/db/setupDB.go:21.36,25.16 3 1
go-vulnerability-scan/db/setupDB.go:25.16,27.3 1 1
go-vulnerability-scan/db/setupDB.go:28.2,39.16 4 1
go-vulnerability-scan/db/setupDB.go:39.16,41.3 1 0
go-vulnerability-scan/db/setupDB.go:43.2,43.12 1 1
go-vulnerability-scan/api/api.go:17.76,19.16 2 1
go-vulnerability-scan/api/api.go:19.16,21.3 1 0
go-vulnerability-scan/api/api.go:22.2,24.38 2 1
go-vulnerability-scan/api/api.go:24.38,26.3 1 0
go-vulnerability-scan/api/api.go:28.2,29.16 2 1
go-vulnerability-scan/api/api.go:29.16,31.3 1 0
go-vulnerability-scan/api/api.go:33.2,35.52 2 1
go-vulnerability-scan/api/api.go:35.52,37.59 2 0
go-vulnerability-scan/api/api.go:37.59,39.4 1 0
go-vulnerability-scan/api/api.go:40.3,42.77 3 0
go-vulnerability-scan/api/api.go:42.77,43.65 1 0
go-vulnerability-scan/api/api.go:43.65,45.5 1 0
go-vulnerability-scan/api/api.go:45.10,47.5 1 0
go-vulnerability-scan/api/api.go:48.9,50.4 1 0
go-vulnerability-scan/api/api.go:51.3,51.35 1 0
go-vulnerability-scan/api/api.go:52.8,53.26 1 1
go-vulnerability-scan/api/api.go:53.26,56.69 3 1
go-vulnerability-scan/api/api.go:56.69,57.66 1 1
go-vulnerability-scan/api/api.go:57.66,59.6 1 1
go-vulnerability-scan/api/api.go:59.11,61.6 1 0
go-vulnerability-scan/api/api.go:62.10,64.5 1 0
go-vulnerability-scan/api/api.go:69.2,69.18 1 1
go-vulnerability-scan/api/api.go:72.61,80.46 5 1
go-vulnerability-scan/api/api.go:80.46,82.53 2 1
go-vulnerability-scan/api/api.go:82.53,83.9 1 1
go-vulnerability-scan/api/api.go:85.3,85.19 1 0
go-vulnerability-scan/api/api.go:85.19,87.4 1 0
go-vulnerability-scan/api/api.go:88.3,88.17 1 0
go-vulnerability-scan/api/api.go:88.17,90.4 1 0
go-vulnerability-scan/api/api.go:93.2,93.17 1 1
go-vulnerability-scan/api/api.go:93.17,95.3 1 0
go-vulnerability-scan/api/api.go:96.2,98.38 2 1
go-vulnerability-scan/api/api.go:98.38,100.3 1 0
go-vulnerability-scan/api/api.go:102.2,104.46 3 1
go-vulnerability-scan/api/api.go:104.46,106.3 1 0
go-vulnerability-scan/api/api.go:108.2,113.35 4 1
go-vulnerability-scan/api/api.go:113.35,114.78 1 1
go-vulnerability-scan/api/api.go:114.78,115.27 1 1
go-vulnerability-scan/api/api.go:115.27,117.34 2 1
go-vulnerability-scan/api/api.go:117.34,118.27 1 1
go-vulnerability-scan/api/api.go:118.27,120.12 2 1
go-vulnerability-scan/api/api.go:123.5,123.15 1 1
go-vulnerability-scan/api/api.go:123.15,124.14 1 1
go-vulnerability-scan/api/api.go:127.4,128.33 2 1
go-vulnerability-scan/api/api.go:128.33,131.19 3 1
go-vulnerability-scan/api/api.go:131.19,134.6 2 0
go-vulnerability-scan/api/api.go:135.5,137.16 3 1
go-vulnerability-scan/api/api.go:142.2,143.28 2 1
go-vulnerability-scan/api/api.go:146.65,151.16 3 1
go-vulnerability-scan/api/api.go:151.16,153.3 1 0
go-vulnerability-scan/api/api.go:154.2,156.18 2 1
go-vulnerability-scan/api/api.go:156.18,160.17 4 1
go-vulnerability-scan/api/api.go:160.17,162.4 1 0
go-vulnerability-scan/api/api.go:164.3,165.71 2 1
go-vulnerability-scan/api/api.go:165.71,167.4 1 0
go-vulnerability-scan/api/api.go:169.3,169.57 1 1
go-vulnerability-scan/api/api.go:169.57,170.38 1 1
go-vulnerability-scan/api/api.go:170.38,171.51 1 1
go-vulnerability-scan/api/api.go:171.51,172.87 1 1
go-vulnerability-scan/api/api.go:172.87,186.73 12 0
go-vulnerability-scan/api/api.go:186.73,187.42 1 0
go-vulnerability-scan/api/api.go:187.42,188.39 1 0
go-vulnerability-scan/api/api.go:188.39,190.10 1 0
go-vulnerability-scan/api/api.go:193.7,205.9 1 0
go-vulnerability-scan/api/api.go:212.2,213.16 2 1
go-vulnerability-scan/api/api.go:213.16,215.3 1 0
go-vulnerability-scan/api/api.go:217.2,217.12 1 1
go-vulnerability-scan/api/api.go:220.57,222.16 2 1
go-vulnerability-scan/api/api.go:222.16,224.3 1 0
go-vulnerability-scan/api/api.go:225.2,227.16 2 1
go-vulnerability-scan/api/api.go:227.16,229.3 1 0
go-vulnerability-scan/api/api.go:231.2,231.12 1 1
go-vulnerability-scan/api/api.go:234.52,237.16 3 1
go-vulnerability-scan/api/api.go:237.16,240.3 2 1
go-vulnerability-scan/api/api.go:241.2,242.16 2 1
go-vulnerability-scan/api/api.go:242.16,245.3 2 0
go-vulnerability-scan/api/api.go:247.2,248.16 2 1
go-vulnerability-scan/api/api.go:248.16,251.3 2 0
go-vulnerability-scan/api/api.go:252.2,252.15 1 1
go-vulnerability-scan/api/api.go:252.15,255.3 2 0
go-vulnerability-scan/api/api.go:256.2,258.49 2 1
go-vulnerability-scan/api/api.go:258.49,261.3 2 0
go-vulnerability-scan/api/api.go:263.2,263.28 1 1
go-vulnerability-scan/api/api.go:263.28,264.49 1 1
go-vulnerability-scan/api/api.go:264.49,267.4 2 0
go-vulnerability-scan/api/api.go:270.2,271.34 2 1
go-vulnerability-scan/api/api.go:274.53,277.16 3 1
go-vulnerability-scan/api/api.go:277.16,280.3 2 1
go-vulnerability-scan/api/api.go:281.2,282.16 2 1
go-vulnerability-scan/api/api.go:282.16,285.3 2 0
go-vulnerability-scan/api/api.go:286.2,289.33 4 1
